<?xml version="1.0" encoding="UTF-8"?>
<!-- Generated by org.testng.reporters.JUnitReportReporter -->
<testsuite hostname="DESKTOP-7S7LCUO" failures="0" tests="4" name="test.UserTest" time="11.361" errors="0" timestamp="2024-07-27T11:21:50 IST" skipped="0">
  <testcase classname="test.UserTest" name="testCreateUser" time="6.749"/>
  <testcase classname="test.UserTest" name="testGetUser" time="1.189"/>
  <testcase classname="test.UserTest" name="testUpdateUser" time="2.295"/>
  <testcase classname="test.UserTest" name="testDelUser" time="1.128"/>
</testsuite> <!-- test.UserTest -->
